INFO:root:ksg samples: 100, 0.022138118743896484
INFO:root:uf samples: 100, 0.02369379997253418
INFO:root:irf samples: 100, 0.06048989295959473
INFO:root:ksg samples: 50100, 130.5437409877777
INFO:root:uf samples: 50100, 28.24382781982422
INFO:root:irf samples: 50100, 9.068161010742188
INFO:root:ksg samples: 100100, 915.2642238140106
INFO:root:uf samples: 100100, 74.79136347770691
INFO:root:irf samples: 100100, 23.289907693862915
INFO:root:ksg samples: 150100, 795.6373760700226
INFO:root:uf samples: 150100, 129.33696842193604
INFO:root:irf samples: 150100, 41.30687499046326
INFO:root:ksg samples: 200100, 25801.769067287445
INFO:root:uf samples: 200100, 188.93815875053406
INFO:root:irf samples: 200100, 60.10387182235718
INFO:root:ksg samples: 250100, 1486.4204728603363
INFO:root:uf samples: 250100, 322.82367753982544
INFO:root:irf samples: 250100, 75.78276920318604
INFO:root:ksg features: 1, 3.072941303253174
INFO:root:uf features: 1, 34.565152645111084
INFO:root:irf features: 1, 25.291165351867676
INFO:root:ksg features: 501, 312.72216415405273
INFO:root:uf features: 501, 104.4485433101654
INFO:root:irf features: 501, 197.65098929405212
INFO:root:ksg features: 1001, 611.6700806617737
INFO:root:uf features: 1001, 134.09013414382935
INFO:root:irf features: 1001, 278.5357325077057
INFO:root:ksg features: 1501, 909.6007866859436
INFO:root:uf features: 1501, 166.82206559181213
INFO:root:irf features: 1501, 342.4424731731415
INFO:root:ksg features: 2001, 1211.1732413768768
INFO:root:uf features: 2001, 195.40964531898499
INFO:root:irf features: 2001, 396.65995359420776
INFO:root:ksg features: 2501, 1513.752043247223
INFO:root:uf features: 2501, 220.8855082988739
INFO:root:irf features: 2501, 450.6983871459961
INFO:root:ksg features: 3001, 1817.0580561161041
INFO:root:uf features: 3001, 240.33981895446777
INFO:root:irf features: 3001, 487.5677330493927
INFO:root:ksg features: 3501, 2121.290022611618
INFO:root:uf features: 3501, 272.4932425022125
INFO:root:irf features: 3501, 546.5235104560852
INFO:root:ksg features: 4001, 2430.997558116913
INFO:root:uf features: 4001, 292.08322405815125
INFO:root:irf features: 4001, 577.1769924163818
